<?xml version="1.0" encoding="UTF-8"?>
<!-- Generated by org.testng.reporters.JUnitXMLReporter -->
<testsuite ignored="0" hostname="DESKTOP-460CLSS" failures="0" tests="4" name="Default test" time="48.108" errors="0" timestamp="2024-11-27T16:09:04 CST">
  <testcase classname="About.LeadershipTab" name="launchapplication" time="3.58"/>
  <testcase classname="About.LeadershipTab" name="AboutTab" time="6.954"/>
  <testcase classname="About.LeadershipTab" name="leadership" time="8.529"/>
  <testcase classname="About.LeadershipTab" name="Meettheteam" time="9.917"/>
</testsuite> <!-- Default test -->
