<?xml version="1.0" encoding="UTF-8"?>
<!-- Generated by org.testng.reporters.JUnitXMLReporter -->
<testsuite ignored="0" hostname="DESKTOP-460CLSS" failures="0" tests="5" name="Test" time="43.682" errors="0" timestamp="2024-11-24T20:20:13 CST">
  <testcase classname="Careers.DiversityInclusion" name="Validate" time="10.343"/>
  <testcase classname="Services.ServicesTab" name="Validate" time="8.717"/>
  <testcase classname="Technology.Technologytab" name="f" time="7.668"/>
  <testcase classname="Services.TruckLoad" name="Validate" time="9.347"/>
  <testcase classname="Careers.CareersTab" name="Validate" time="7.525"/>
</testsuite> <!-- Test -->
