<?xml version="1.0" encoding="UTF-8"?>
<!-- Generated by org.testng.reporters.JUnitXMLReporter -->
<testsuite ignored="0" hostname="DESKTOP-460CLSS" failures="0" tests="18" name="Test" time="221.026" errors="0" timestamp="2024-11-29T13:19:30 CST">
  <testcase classname="Careers.DiversityInclusion" name="Validate" time="13.397"/>
  <testcase classname="About.Test1" name="A" time="6.864"/>
  <testcase classname="Contact.ContactTab" name="A" time="5.956"/>
  <testcase classname="Contact.ContactTab" name="B" time="8.283"/>
  <testcase classname="Contact.ContactTab" name="C" time="7.206"/>
  <testcase classname="Services.ServicesTab" name="Validate" time="10.858"/>
  <testcase classname="Technology.Technologytab" name="f" time="9.617"/>
  <testcase classname="About.LeadershipTab" name="launchapplication" time="5.612"/>
  <testcase classname="About.LeadershipTab" name="AboutTab" time="10.013"/>
  <testcase classname="About.LeadershipTab" name="leadership" time="11.61"/>
  <testcase classname="About.LeadershipTab" name="Meettheteam" time="10.851"/>
  <testcase classname="About.ModeGlobalNewsTab" name="Validate" time="11.829"/>
  <testcase classname="Services.Intermodal" name="Testcase_Intermodal" time="15.299"/>
  <testcase classname="Home.HomeTab" name="Testcase1" time="5.983"/>
  <testcase classname="Home.HomeTab" name="Testcase2" time="8.426"/>
  <testcase classname="Home.HomeTab" name="Testcase3" time="8.385"/>
  <testcase classname="Services.TruckLoad" name="Validate" time="14.902"/>
  <testcase classname="Careers.CareersTab" name="Validate" time="11.203"/>
</testsuite> <!-- Test -->
