<?xml version="1.0" encoding="UTF-8"?>
<!-- Generated by org.testng.reporters.JUnitXMLReporter -->
<testsuite ignored="0" hostname="DESKTOP-460CLSS" failures="0" tests="5" name="Test" time="56.044" errors="0" timestamp="2024-11-29T12:32:08 CST">
  <testcase classname="Careers.DiversityInclusion" name="Validate" time="14.882"/>
  <testcase classname="Services.ServicesTab" name="Validate" time="10.401"/>
  <testcase classname="Technology.Technologytab" name="f" time="8.844"/>
  <testcase classname="Services.TruckLoad" name="Validate" time="11.508"/>
  <testcase classname="Careers.CareersTab" name="Validate" time="10.313"/>
</testsuite> <!-- Test -->
