<?xml version="1.0" encoding="UTF-8"?>
<!-- Generated by org.testng.reporters.JUnitXMLReporter -->
<testsuite ignored="0" hostname="DESKTOP-460CLSS" failures="0" tests="5" name="Test" time="46.491" errors="0" timestamp="2024-11-25T10:21:49 CST">
  <testcase classname="Careers.DiversityInclusion" name="Validate" time="13.459"/>
  <testcase classname="Services.ServicesTab" name="Validate" time="8.225"/>
  <testcase classname="Technology.Technologytab" name="f" time="6.945"/>
  <testcase classname="Services.TruckLoad" name="Validate" time="10.549"/>
  <testcase classname="Careers.CareersTab" name="Validate" time="7.232"/>
</testsuite> <!-- Test -->
