<?xml version="1.0" encoding="UTF-8"?>
<testng-results ignored="0" total="1" passed="1" failed="0" skipped="0">
  <reporter-output>
  </reporter-output>
  <suite started-at="2024-11-24T19:48:08 CST" name="Suite" finished-at="2024-11-24T19:48:22 CST" duration-ms="14000">
    <groups>
    </groups>
    <test started-at="2024-11-24T19:48:08 CST" name="Test" finished-at="2024-11-24T19:48:22 CST" duration-ms="14000">
      <class name="Technology.Technologytab">
        <test-method signature="f()[pri:1, instance:Technology.Technologytab@38d8f54a]" started-at="2024-11-24T19:48:08 CST" name="f" finished-at="2024-11-24T19:48:22 CST" duration-ms="13840" status="PASS">
          <reporter-output>
          </reporter-output>
        </test-method> <!-- f -->
      </class> <!-- Technology.Technologytab -->
    </test> <!-- Test -->
  </suite> <!-- Suite -->
</testng-results>
