<?xml version="1.0" encoding="UTF-8"?>
<testng-results ignored="0" total="4" passed="4" failed="0" skipped="0">
  <reporter-output>
  </reporter-output>
  <suite started-at="2024-11-27T16:08:16 CST" name="Default suite" finished-at="2024-11-27T16:09:04 CST" duration-ms="48108">
    <groups>
    </groups>
    <test started-at="2024-11-27T16:08:16 CST" name="Default test" finished-at="2024-11-27T16:09:04 CST" duration-ms="48108">
      <class name="About.LeadershipTab">
        <test-method is-config="true" signature="beforeMethod()[pri:0, instance:About.LeadershipTab@14cd1699]" started-at="2024-11-27T16:08:16 CST" name="beforeMethod" finished-at="2024-11-27T16:08:21 CST" duration-ms="5350" status="PASS">
          <reporter-output>
          </reporter-output>
        </test-method> <!-- beforeMethod -->
        <test-method signature="launchapplication()[pri:1, instance:About.LeadershipTab@14cd1699]" started-at="2024-11-27T16:08:21 CST" name="launchapplication" finished-at="2024-11-27T16:08:25 CST" duration-ms="3580" status="PASS">
          <reporter-output>
          </reporter-output>
        </test-method> <!-- launchapplication -->
        <test-method is-config="true" signature="afterMethod()[pri:0, instance:About.LeadershipTab@14cd1699]" started-at="2024-11-27T16:08:25 CST" name="afterMethod" finished-at="2024-11-27T16:08:26 CST" duration-ms="1441" status="PASS">
          <reporter-output>
          </reporter-output>
        </test-method> <!-- afterMethod -->
        <test-method is-config="true" signature="beforeMethod()[pri:0, instance:About.LeadershipTab@14cd1699]" started-at="2024-11-27T16:08:26 CST" name="beforeMethod" finished-at="2024-11-27T16:08:29 CST" duration-ms="2792" status="PASS">
          <reporter-output>
          </reporter-output>
        </test-method> <!-- beforeMethod -->
        <test-method signature="AboutTab()[pri:2, instance:About.LeadershipTab@14cd1699]" started-at="2024-11-27T16:08:29 CST" name="AboutTab" finished-at="2024-11-27T16:08:36 CST" duration-ms="6954" status="PASS">
          <reporter-output>
          </reporter-output>
        </test-method> <!-- AboutTab -->
        <test-method is-config="true" signature="afterMethod()[pri:0, instance:About.LeadershipTab@14cd1699]" started-at="2024-11-27T16:08:36 CST" name="afterMethod" finished-at="2024-11-27T16:08:37 CST" duration-ms="915" status="PASS">
          <reporter-output>
          </reporter-output>
        </test-method> <!-- afterMethod -->
        <test-method is-config="true" signature="beforeMethod()[pri:0, instance:About.LeadershipTab@14cd1699]" started-at="2024-11-27T16:08:37 CST" name="beforeMethod" finished-at="2024-11-27T16:08:40 CST" duration-ms="2739" status="PASS">
          <reporter-output>
          </reporter-output>
        </test-method> <!-- beforeMethod -->
        <test-method signature="leadership()[pri:3, instance:About.LeadershipTab@14cd1699]" started-at="2024-11-27T16:08:40 CST" name="leadership" finished-at="2024-11-27T16:08:48 CST" duration-ms="8529" status="PASS">
          <reporter-output>
          </reporter-output>
        </test-method> <!-- leadership -->
        <test-method is-config="true" signature="afterMethod()[pri:0, instance:About.LeadershipTab@14cd1699]" started-at="2024-11-27T16:08:48 CST" name="afterMethod" finished-at="2024-11-27T16:08:50 CST" duration-ms="1351" status="PASS">
          <reporter-output>
          </reporter-output>
        </test-method> <!-- afterMethod -->
        <test-method is-config="true" signature="beforeMethod()[pri:0, instance:About.LeadershipTab@14cd1699]" started-at="2024-11-27T16:08:50 CST" name="beforeMethod" finished-at="2024-11-27T16:08:53 CST" duration-ms="2874" status="PASS">
          <reporter-output>
          </reporter-output>
        </test-method> <!-- beforeMethod -->
        <test-method signature="Meettheteam()[pri:4, instance:About.LeadershipTab@14cd1699]" started-at="2024-11-27T16:08:53 CST" name="Meettheteam" finished-at="2024-11-27T16:09:03 CST" duration-ms="9917" status="PASS">
          <reporter-output>
          </reporter-output>
        </test-method> <!-- Meettheteam -->
        <test-method is-config="true" signature="afterMethod()[pri:0, instance:About.LeadershipTab@14cd1699]" started-at="2024-11-27T16:09:03 CST" name="afterMethod" finished-at="2024-11-27T16:09:04 CST" duration-ms="1565" status="PASS">
          <reporter-output>
          </reporter-output>
        </test-method> <!-- afterMethod -->
      </class> <!-- About.LeadershipTab -->
    </test> <!-- Default test -->
  </suite> <!-- Default suite -->
</testng-results>
