<?xml version="1.0" encoding="UTF-8"?>
<testng-results ignored="0" total="1" passed="1" failed="0" skipped="0">
  <reporter-output>
  </reporter-output>
  <suite started-at="2024-11-24T19:45:35 CST" name="Suite" finished-at="2024-11-24T19:45:55 CST" duration-ms="20184">
    <groups>
    </groups>
    <test started-at="2024-11-24T19:45:35 CST" name="Test" finished-at="2024-11-24T19:45:55 CST" duration-ms="20184">
      <class name="Technology.Technologytab">
        <test-method signature="f()[pri:1, instance:Technology.Technologytab@459e9125]" started-at="2024-11-24T19:45:35 CST" name="f" finished-at="2024-11-24T19:45:55 CST" duration-ms="20109" status="PASS">
          <reporter-output>
          </reporter-output>
        </test-method> <!-- f -->
      </class> <!-- Technology.Technologytab -->
    </test> <!-- Test -->
  </suite> <!-- Suite -->
</testng-results>
